<?xml version="1.0" encoding="UTF-8"?>
<testng-results ignored="0" total="1" passed="1" failed="0" skipped="0">
  <reporter-output>
  </reporter-output>
  <suite started-at="2020-03-13T06:38:07 IST" name="Default suite" finished-at="2020-03-13T06:38:20 IST" duration-ms="13583">
    <groups>
    </groups>
    <test started-at="2020-03-13T06:38:07 IST" name="Default test" finished-at="2020-03-13T06:38:20 IST" duration-ms="13583">
      <class name="com.sauce.base.BaseClass">
        <test-method signature="open_browser()[pri:0, instance:com.sauce.base.BaseClass@2525ff7e]" started-at="2020-03-13T06:38:07 IST" name="open_browser" finished-at="2020-03-13T06:38:20 IST" duration-ms="13474" status="PASS">
          <reporter-output>
          </reporter-output>
        </test-method> <!-- open_browser -->
      </class> <!-- com.sauce.base.BaseClass -->
    </test> <!-- Default test -->
  </suite> <!-- Default suite -->
</testng-results>
